{
  "RSpec": {
    "coverage": {
      "/Users/joyvis/projects/studies-and-challenges/url_shortener_api/app/interactors/urls/create.rb": {
        "lines": [
          null,
          null,
          1,
          1,
          1,
          null,
          1,
          null,
          null,
          null,
          null,
          null
        ]
      },
      "/Users/joyvis/projects/studies-and-challenges/url_shortener_api/app/interactors/urls/create_steps/validate_presence.rb": {
        "lines": [
          null,
          null,
          1,
          1,
          1,
          1,
          null,
          1,
          8,
          null,
          null,
          null,
          null
        ]
      },
      "/Users/joyvis/projects/studies-and-challenges/url_shortener_api/app/interactors/urls/create_steps/validate_url.rb": {
        "lines": [
          null,
          null,
          1,
          1,
          1,
          1,
          null,
          1,
          null,
          1,
          8,
          null,
          2,
          null,
          null,
          1,
          null,
          1,
          4,
          null,
          null,
          null,
          null
        ]
      },
      "/Users/joyvis/projects/studies-and-challenges/url_shortener_api/app/interactors/urls/create_steps/create_hash.rb": {
        "lines": [
          null,
          null,
          1,
          1,
          1,
          1,
          null,
          1,
          6,
          null,
          null,
          1,
          null,
          1,
          6,
          7,
          6,
          null,
          6,
          null,
          null,
          1,
          6,
          null,
          null,
          1,
          6,
          null,
          null,
          1,
          12,
          null,
          null,
          1,
          18,
          null,
          null,
          null,
          null
        ]
      },
      "/Users/joyvis/projects/studies-and-challenges/url_shortener_api/app/interactors/urls/create_steps/create_shortened_url.rb": {
        "lines": [
          null,
          null,
          1,
          1,
          1,
          1,
          null,
          1,
          null,
          1,
          7,
          7,
          null,
          4,
          null,
          null,
          null,
          null
        ]
      },
      "/Users/joyvis/projects/studies-and-challenges/url_shortener_api/spec/interactors/urls/create_steps/create_hash_spec.rb": {
        "lines": [
          null,
          null,
          1,
          null,
          1,
          1,
          1,
          3,
          null,
          null,
          1,
          2,
          null,
          1,
          1,
          null,
          null,
          null,
          1,
          2,
          null,
          1,
          1,
          null,
          null,
          null,
          1,
          2,
          null,
          1,
          1,
          null,
          null,
          null,
          null
        ]
      },
      "/Users/joyvis/projects/studies-and-challenges/url_shortener_api/spec/interactors/urls/create_steps/create_shortened_url_spec.rb": {
        "lines": [
          null,
          null,
          1,
          null,
          1,
          1,
          1,
          4,
          null,
          null,
          1,
          2,
          2,
          null,
          1,
          1,
          null,
          null,
          null,
          1,
          2,
          2,
          null,
          1,
          1,
          null,
          null,
          null,
          1,
          2,
          2,
          null,
          1,
          1,
          null,
          null,
          null,
          1,
          2,
          2,
          null,
          1,
          1,
          null,
          null,
          null,
          null
        ]
      },
      "/Users/joyvis/projects/studies-and-challenges/url_shortener_api/spec/interactors/urls/create_steps/validate_presence_spec.rb": {
        "lines": [
          null,
          null,
          1,
          null,
          1,
          1,
          1,
          2,
          null,
          null,
          1,
          2,
          null,
          1,
          1,
          null,
          null,
          null,
          1,
          2,
          null,
          1,
          1,
          null,
          null,
          null,
          null
        ]
      },
      "/Users/joyvis/projects/studies-and-challenges/url_shortener_api/spec/interactors/urls/create_steps/validate_url_spec.rb": {
        "lines": [
          null,
          null,
          1,
          null,
          1,
          1,
          1,
          3,
          null,
          null,
          1,
          2,
          null,
          1,
          1,
          null,
          null,
          null,
          1,
          2,
          null,
          1,
          1,
          null,
          null,
          null,
          1,
          2,
          null,
          1,
          1,
          null,
          null,
          null,
          null,
          null
        ]
      },
      "/Users/joyvis/projects/studies-and-challenges/url_shortener_api/spec/models/shortened_url_spec.rb": {
        "lines": [
          null,
          null,
          1,
          null,
          1,
          1,
          4,
          null,
          1,
          1,
          null,
          null,
          1,
          1,
          null,
          null,
          1,
          1,
          null,
          null,
          null
        ]
      },
      "/Users/joyvis/projects/studies-and-challenges/url_shortener_api/app/models/shortened_url.rb": {
        "lines": [
          null,
          null,
          1,
          1,
          1,
          null
        ]
      },
      "/Users/joyvis/projects/studies-and-challenges/url_shortener_api/app/models/application_record.rb": {
        "lines": [
          1,
          1,
          null
        ]
      },
      "/Users/joyvis/projects/studies-and-challenges/url_shortener_api/spec/requests/shortened_urls_spec.rb": {
        "lines": [
          1,
          null,
          1,
          1,
          3,
          null,
          1,
          1,
          1,
          null,
          null,
          1,
          1,
          null,
          null,
          null,
          1,
          1,
          1,
          null,
          null,
          1,
          1,
          null,
          null,
          null,
          null,
          1,
          1,
          2,
          null,
          null,
          1,
          2,
          2,
          null,
          1,
          null,
          null,
          null,
          1,
          2,
          null,
          1,
          1,
          null,
          null,
          null,
          null
        ]
      },
      "/Users/joyvis/projects/studies-and-challenges/url_shortener_api/app/controllers/shortened_urls_controller.rb": {
        "lines": [
          null,
          null,
          1,
          1,
          2,
          1,
          null,
          1,
          null,
          null,
          null,
          1,
          2,
          null,
          2,
          0,
          null,
          2,
          null,
          null,
          null,
          1,
          null,
          1,
          4,
          null,
          null,
          null,
          null,
          1,
          2,
          null,
          null,
          1,
          2,
          null,
          null,
          null
        ]
      },
      "/Users/joyvis/projects/studies-and-challenges/url_shortener_api/app/controllers/application_controller.rb": {
        "lines": [
          1,
          null
        ]
      },
      "/Users/joyvis/projects/studies-and-challenges/url_shortener_api/app/serializers/shortened_url_serializer.rb": {
        "lines": [
          null,
          null,
          1,
          1,
          null,
          1,
          0,
          null,
          null
        ]
      }
    },
    "timestamp": 1655179670
  }
}
